<?xml version="1.0" encoding="UTF-8"?>
<!-- Generated by org.testng.reporters.JUnitReportReporter -->
<testsuite hostname="DESKTOP-N9KCLHQ" failures="0" tests="1" name="start.Merging_with_LowerClass" time="0.009" errors="0" timestamp="2024-06-30T12:31:49 IST" skipped="0">
  <testcase classname="start.Merging_with_LowerClass" name="merge" time="0.009"/>
</testsuite> <!-- start.Merging_with_LowerClass -->
