<?xml version="1.0" encoding="UTF-8"?>
<!-- Generated by org.testng.reporters.JUnitReportReporter -->
<testsuite hostname="DESKTOP-N9KCLHQ" failures="0" tests="1" name="start.Merging_with_upperClass" time="0.011" errors="0" timestamp="2024-06-27T11:22:00 IST" skipped="0">
  <testcase classname="start.Merging_with_upperClass" name="merge" time="0.011"/>
</testsuite> <!-- start.Merging_with_upperClass -->
