<?xml version="1.0" encoding="UTF-8"?>
<!-- Generated by org.testng.reporters.JUnitReportReporter -->
<testsuite hostname="DESKTOP-N9KCLHQ" failures="0" tests="2" name="start.Run_codeusing_TestNG" time="0.014" errors="0" timestamp="2024-06-30T12:31:49 IST" skipped="0">
  <testcase classname="start.Run_codeusing_TestNG" name="Demo2" time="0.002"/>
  <testcase classname="start.Run_codeusing_TestNG" name="Demo1" time="0.012"/>
</testsuite> <!-- start.Run_codeusing_TestNG -->
