<?xml version="1.0" encoding="UTF-8"?>
<!-- Generated by org.testng.reporters.JUnitReportReporter -->
<testsuite hostname="DESKTOP-N9KCLHQ" failures="0" tests="3" name="start.Day4" time="0.017" errors="0" timestamp="2024-06-30T12:31:49 IST" skipped="0">
  <testcase classname="start.Day4" name="WebHomeLoan" time="0.007"/>
  <testcase classname="start.Day4" name="ApiHomeLoan" time="0.004"/>
  <testcase classname="start.Day4" name="MobileHomeLoan" time="0.006"/>
</testsuite> <!-- start.Day4 -->
