<?xml version="1.0" encoding="UTF-8"?>
<!-- Generated by org.testng.reporters.JUnitReportReporter -->
<testsuite hostname="DESKTOP-N9KCLHQ" failures="0" tests="2" name="start.Day3" time="0.006" errors="0" timestamp="2024-06-30T12:31:49 IST" skipped="0">
  <testcase classname="start.Day3" name="ApiLoginLoan" time="0.002"/>
  <testcase classname="start.Day3" name="WebLoginLoan" time="0.004"/>
</testsuite> <!-- start.Day3 -->
