<?xml version="1.0" encoding="UTF-8"?>
<!-- Generated by org.testng.reporters.JUnitReportReporter -->
<testsuite hostname="DESKTOP-N9KCLHQ" failures="0" tests="7" name="start.Day5" time="0.038" errors="0" timestamp="2024-06-30T12:07:29 IST" skipped="1">
  <testcase classname="start.Day5" name="E" time="0.004"/>
  <testcase classname="start.Day5" name="D" time="0.003"/>
  <testcase classname="start.Day5" name="C" time="0.015"/>
  <testcase classname="start.Day5" name="D" time="0.007"/>
  <testcase classname="start.Day5" name="D" time="0.005"/>
  <testcase classname="start.Day5" name="B" time="0.004"/>
  <testcase classname="start.Day5" name="A">
    <skipped/>
  </testcase> <!-- A -->
</testsuite> <!-- start.Day5 -->
